<?xml version="1.0" encoding="UTF-8"?>
<!DOCTYPE suite SYSTEM "https://testng.org/testng-1.0.dtd">
<suite name="suite-nhanvien" parallel="false">
	<test name="suite-nhanvien">
		<classes>
			<class name="testing.NhanVienDAOTest">
				<methods>
					<include name="InsertValid"></include>
					<include name="InsertNull"></include>
					<include name="UpdateValid"></include>
					<include name="UpdateNull"></include>
					<include name="DeleteValid"></include>
					<include name="DeleteNull"></include>
				</methods>
			</class>
		</classes>
	</test> <!-- suite-nhanvien -->
</suite> <!-- suite-nhanvien -->
