<?xml version="1.0" encoding="UTF-8"?>
<!-- Generated by org.testng.reporters.JUnitReportReporter -->
<testsuite hostname="DESKTOP-QOOD05B" failures="0" tests="10" name="testing.QLNVTest" time="8.557" errors="0" timestamp="2023-08-03T14:45:19 ICT" skipped="0">
  <testcase classname="testing.QLNVTest" name="testInsert" time="1.378"/>
  <testcase classname="testing.QLNVTest" name="testInsertTrungMNV" time="0.589"/>
  <testcase classname="testing.QLNVTest" name="testInsertNULL" time="0.692"/>
  <testcase classname="testing.QLNVTest" name="testUpdate" time="1.056"/>
  <testcase classname="testing.QLNVTest" name="testUpdateNULL" time="0.719"/>
  <testcase classname="testing.QLNVTest" name="testUpdateMNVKOTT" time="0.691"/>
  <testcase classname="testing.QLNVTest" name="testDelete" time="1.213"/>
  <testcase classname="testing.QLNVTest" name="testDeleteNull" time="0.669"/>
  <testcase classname="testing.QLNVTest" name="testDeleteMNVKOTT" time="0.620"/>
  <testcase classname="testing.QLNVTest" name="testDeleteLogin" time="0.930"/>
</testsuite> <!-- testing.QLNVTest -->
