<?xml version="1.0" encoding="UTF-8"?>
<!-- Generated by org.testng.reporters.JUnitReportReporter -->
<testsuite hostname="DESKTOP-QOOD05B" failures="0" tests="6" name="testing.NhanVienDAOTest" time="0.152" errors="0" timestamp="2023-08-03T14:45:19 ICT" skipped="0">
  <testcase classname="testing.NhanVienDAOTest" name="testInsertHopLe" time="0.028"/>
  <testcase classname="testing.NhanVienDAOTest" name="testInsertNull" time="0.019"/>
  <testcase classname="testing.NhanVienDAOTest" name="testUpdateHopLe" time="0.021"/>
  <testcase classname="testing.NhanVienDAOTest" name="testUpdateNull" time="0.020"/>
  <testcase classname="testing.NhanVienDAOTest" name="testDeleteHopLe" time="0.031"/>
  <testcase classname="testing.NhanVienDAOTest" name="testDeleteNull" time="0.033"/>
</testsuite> <!-- testing.NhanVienDAOTest -->
