<?xml version="1.0" encoding="UTF-8"?>
<!-- Generated by org.testng.reporters.JUnitReportReporter -->
<testsuite hostname="DESKTOP-QOOD05B" failures="0" tests="3" name="testing.DoiMKTest" time="2.681" errors="0" timestamp="2023-08-03T14:45:19 ICT" skipped="0">
  <testcase classname="testing.DoiMKTest" name="testDoiMatKhauSaiMK" time="1.393"/>
  <testcase classname="testing.DoiMKTest" name="testDoiMatKhauKhongKhop" time="0.691"/>
  <testcase classname="testing.DoiMKTest" name="testDoiMatKhauHopLe" time="0.597"/>
</testsuite> <!-- testing.DoiMKTest -->
